<?xml version="1.0" encoding="UTF-8"?>
<testng-results skipped="0" failed="0" total="1" passed="1">
  <reporter-output>
  </reporter-output>
  <suite name="Suite1" duration-ms="2051" started-at="2016-07-09T19:50:43Z" finished-at="2016-07-09T19:50:45Z">
    <groups>
    </groups>
    <test name="Executor Test" duration-ms="2051" started-at="2016-07-09T19:50:43Z" finished-at="2016-07-09T19:50:45Z">
      <class name="com.mycompany.app.SquareSumTest">
        <test-method status="PASS" signature="Test()[pri:0, instance:com.mycompany.app.SquareSumTest@7e0babb1]" name="Test" duration-ms="2027" started-at="2016-07-09T22:50:43Z" finished-at="2016-07-09T22:50:45Z">
          <reporter-output>
          </reporter-output>
        </test-method> <!-- Test -->
      </class> <!-- com.mycompany.app.SquareSumTest -->
    </test> <!-- Executor Test -->
  </suite> <!-- Suite1 -->
</testng-results>
